PID: 2226375
[2025-12-09 20:13:33] Using device: cuda
[2025-12-09 20:13:33] Current Configuration:
[2025-12-09 20:13:33]   AA_VOCABS: {'A': 1, 'R': 2, 'N': 3, 'D': 4, 'C': 5, 'Q': 6, 'E': 7, 'G': 8, 'H': 9, 'I': 10, 'L': 11, 'K': 12, 'M': 13, 'F': 14, 'P': 15, 'S': 16, 'T': 17, 'W': 18, 'Y': 19, 'V': 20, '*': 21, 'n': 22, 'PAD': 0}
[2025-12-09 20:13:33]   ABLATION_MASKS: {'CHEM_FEATURES': False, 'CO_OCCURRENCE': False, 'AA_MUTATION': False, 'CODON_POS': False}
[2025-12-09 20:13:33]   BASE_VOCABS: {'A': 1, 'T': 2, 'C': 3, 'G': 4, 'N': 5, 'n': 6, 'PAD': 0}
[2025-12-09 20:13:33]   BATCH_SIZE: 64
[2025-12-09 20:13:33]   BATCH_SIZE_FEATURE_GEN: 5000
[2025-12-09 20:13:33]   CACHE_DIR: ./cache
[2025-12-09 20:13:33]   CACHE_MAX_SIZE: 10000
[2025-12-09 20:13:33]   Codon_csv: meta_data/codon_mutation4.csv
[2025-12-09 20:13:33]   DATA_BASE_DIR: ../usher_output/
[2025-12-09 20:13:33]   DEVICE: cuda
[2025-12-09 20:13:33]   DROPOUT: 0.1
[2025-12-09 20:13:33]   Disimilarity_csv: meta_data/aa_properties/dissimilarity_metrics.csv
[2025-12-09 20:13:33]   EARLY_STOPPING_PATIENCE: 5
[2025-12-09 20:13:33]   EMBED_DIM_AA: 64
[2025-12-09 20:13:33]   EMBED_DIM_BASE: 32
[2025-12-09 20:13:33]   EMBED_DIM_CODON_POS: 16
[2025-12-09 20:13:33]   EMBED_DIM_POS: 128
[2025-12-09 20:13:33]   EMBED_DIM_PROTEIN_POS: 128
[2025-12-09 20:13:33]   EMBED_DIM_REGION: 128
[2025-12-09 20:13:33]   ENABLE_LRU_CACHE: True
[2025-12-09 20:13:33]   ENABLE_PARALLEL_PROCESSING: True
[2025-12-09 20:13:33]   EPOCHS: 20
[2025-12-09 20:13:33]   FEATURE_DIM: 768
[2025-12-09 20:13:33]   FORCE_REPROCESS: False
[2025-12-09 20:13:33]   Freq_csv: outputs/table_heatmap/251031/table_set/table_set.csv
[2025-12-09 20:13:33]   HIDDEN_DIM: 768
[2025-12-09 20:13:33]   INCREMENTAL_CACHE_DIR: ./outputs/transformer_251209/cache/incremental_features
[2025-12-09 20:13:33]   LABEL_SMOOTHING_FACTOR: 0.1
[2025-12-09 20:13:33]   LEARNING_RATE: 0.0001
[2025-12-09 20:13:33]   LOCAL_CONTEXT_KERNEL_SIZE: 7
[2025-12-09 20:13:33]   LOSS_WEIGHT_POSITION: 0.3
[2025-12-09 20:13:33]   LOSS_WEIGHT_PROTEIN_POS: 0.2
[2025-12-09 20:13:33]   LOSS_WEIGHT_REGION: 0.3
[2025-12-09 20:13:33]   LOSS_WEIGHT_STRENGTH: 0.2
[2025-12-09 20:13:33]   MAX_CO_OCCURRENCE: 20
[2025-12-09 20:13:33]   MAX_NUM: None
[2025-12-09 20:13:33]   MAX_NUM_PER_STRAIN: None
[2025-12-09 20:13:33]   MAX_SEQ_LEN: 39
[2025-12-09 20:13:33]   MAX_STRAIN_NUM: None
[2025-12-09 20:13:33]   MODEL_SAVE_DIR: ./outputs/transformer_251209/models
[2025-12-09 20:13:33]   NUM_CHEM_FEATURES: 6
[2025-12-09 20:13:33]   NUM_FEATURE_STRING: 8
[2025-12-09 20:13:33]   NUM_REGIONS: 37
[2025-12-09 20:13:33]   N_HEADS: 8
[2025-12-09 20:13:33]   N_LAYERS: 8
[2025-12-09 20:13:33]   OUTPUT_DIR: ./outputs/transformer_251209/
[2025-12-09 20:13:33]   PAM250_csv: meta_data/aa_properties/PAM250.csv
[2025-12-09 20:13:33]   PROTEIN_VOCABS: {'non_coding1': 1, 'nsp1': 2, 'nsp2': 3, 'nsp3': 4, 'nsp4': 5, 'nsp5': 6, 'nsp6': 7, 'nsp7': 8, 'nsp8': 9, 'nsp9': 10, 'nsp10': 11, 'nsp12': 12, 'nsp13': 13, 'nsp14': 14, 'nsp15': 15, 'nsp16': 16, 'non_coding2': 17, 'S': 18, 'non_coding3': 19, 'ORF3a': 20, 'non_coding4': 21, 'E': 22, 'non_coding5': 23, 'M': 24, 'non_coding6': 25, 'ORF6': 26, 'non_coding7': 27, 'ORF7a': 28, 'ORF7b': 29, 'non_coding8': 30, 'ORF8': 31, 'non_coding9': 32, 'N': 33, 'non_coding10': 34, 'ORF10': 35, 'non_coding11': 36, 'PAD': 0}
[2025-12-09 20:13:33]   RESULT_SAVE_DIR: ./outputs/transformer_251209/results
[2025-12-09 20:13:33]   SAVE_PREDICTIONS: True
[2025-12-09 20:13:33]   SAVE_STRAIN_INFO: True
[2025-12-09 20:13:33]   SCHEDULER_ETA_MIN: 1e-06
[2025-12-09 20:13:33]   SEED: 42
[2025-12-09 20:13:33]   STRENGTH_CATEGORY_LOW_MAX: 3.0
[2025-12-09 20:13:33]   STRENGTH_CATEGORY_MED_MAX: 5.0
[2025-12-09 20:13:33]   STRENGTH_THRESHOLD: 0.0
[2025-12-09 20:13:33]   TARGET_LEN: 1
[2025-12-09 20:13:33]   TOP_K_EVAL: 1
[2025-12-09 20:13:33]   TRAIN_MAX: 40
[2025-12-09 20:13:33]   USE_LABEL_SMOOTHING: True
[2025-12-09 20:13:33]   USE_MULTITASK_LOSS: True
[2025-12-09 20:13:33]   USE_SCHEDULER: True
[2025-12-09 20:13:33]   USE_STRENGTH_FILTER: False
[2025-12-09 20:13:33]   USE_WANDB: True
[2025-12-09 20:13:33]   VALID_NUM: 3
[2025-12-09 20:13:33]   VALID_RATIO: 0.2
[2025-12-09 20:13:33]   VOCAB_SIZE_AA: 23
[2025-12-09 20:13:33]   VOCAB_SIZE_BASE: 7
[2025-12-09 20:13:33]   VOCAB_SIZE_CODON_POS: 6
[2025-12-09 20:13:33]   VOCAB_SIZE_POSITION: 30006
[2025-12-09 20:13:33]   VOCAB_SIZE_PROTEIN_POS: 10001
[2025-12-09 20:13:33]   WANDB_PROJECT_NAME: viral-mutation-transformer
[2025-12-09 20:13:33]   WANDB_RUN_NAME: None
[2025-12-09 20:13:33]   WEIGHT_DECAY: 0.01
[2025-12-09 20:13:33]   torch: <module 'torch' from '/mnt/hdd1/home2/aiba/anaconda3/envs/gvp25-05/lib/python3.9/site-packages/torch/__init__.py'>
wandb: Currently logged in as: f25c091g (f25c091g-niigata-university). Use `wandb login --relogin` to force relogin
wandb: wandb version 0.23.1 is available!  To upgrade, please run:
wandb:  $ pip install wandb --upgrade
wandb: Tracking run with wandb version 0.13.1
wandb: Run data is saved locally in /mnt/ssd1/home3/aiba/gmp/wandb/run-20251209_201335-k0ep1kap
wandb: Run `wandb offline` to turn off syncing.
wandb: Syncing run run_20251209_201334
wandb: ⭐️ View project at https://wandb.ai/f25c091g-niigata-university/viral-mutation-transformer
wandb: 🚀 View run at https://wandb.ai/f25c091g-niigata-university/viral-mutation-transformer/runs/k0ep1kap
[INFO] Cache not found. Processing data...
[2025-12-09 20:13:38] --- Loading and Preprocessing Data ---
[2025-12-09 20:13:38] [INFO] データ読み込み開始: 196 strains found in ../usher_output/
[2025-12-09 20:14:19] [INFO] 全件読み込み完了(共起数フィルタ適用後): 5750714 サンプル
[2025-12-09 20:14:19] [INFO] 共起数が最大値を超えたため除外されたサンプル数: 957
[2025-12-09 20:14:19] 
[INFO] シーケンス長ごとのサンプル数:
[2025-12-09 20:14:20] 1        890
2       1046
3       1080
4       2947
5       4920
6      12653
7      15302
8      15745
9      12495
10     10853
11      9612
12      9833
13     10549
14     10125
15     10843
16     12936
17     14899
18     15869
19     14901
20     14550
21     17189
22     38043
23    133741
24    314266
25    445198
26    453616
27    357338
28    284519
29    251022
30    214920
31    191405
32    198755
33    210103
34    237136
35    263051
36    293285
37    312428
38    309808
39    281701
40    232875
41    177409
42    127415
43     85228
44     53163
45     30755
46     15868
47      7684
48      3614
49      1954
50      1047
51       682
52       565
53       416
54       399
55       352
56       305
57       267
58       213
59       163
60        92
61       127
62        99
63        55
64        35
65        51
66        44
67        39
68        38
69        39
70        37
71        32
72        25
73        22
74         9
75        10
76         9
77         3
78         2
Name: count, dtype: int64
[2025-12-09 20:14:22] Initial samples loaded: 5750714
[2025-12-09 20:14:29] Samples after removing duplicate sequences: 2856209
[2025-12-09 20:14:30] Train samples: 2475830
[2025-12-09 20:14:30] Validation samples: 86317
[2025-12-09 20:14:30] Test samples: 294062
[2025-12-09 20:14:30] [INFO] Processing Train features...
[2025-12-09 20:14:30] [INFO] Pre-processing data structures for speed...
[2025-12-09 20:14:30] [INFO] Converting DataFrames to optimized structures...
[2025-12-09 20:14:30] [INFO] Generating mutation features for 2475830 paths (Incremental Cache Mode)...
[2025-12-09 20:14:30] [INFO] Batch 1/496: Processing 0 to 5000...
[2025-12-09 20:14:38] [INFO] Batch 2/496: Processing 5000 to 10000...
[2025-12-09 20:14:44] [INFO] Batch 3/496: Processing 10000 to 15000...
[2025-12-09 20:14:49] [INFO] Batch 4/496: Processing 15000 to 20000...
[2025-12-09 20:14:55] [INFO] Batch 5/496: Processing 20000 to 25000...
[2025-12-09 20:15:00] [INFO] Batch 6/496: Processing 25000 to 30000...
[2025-12-09 20:15:07] [INFO] Batch 7/496: Processing 30000 to 35000...
[2025-12-09 20:15:11] [INFO] Batch 8/496: Processing 35000 to 40000...
[2025-12-09 20:15:17] [INFO] Batch 9/496: Processing 40000 to 45000...
[2025-12-09 20:15:24] [INFO] Batch 10/496: Processing 45000 to 50000...
[2025-12-09 20:15:29] [INFO] Batch 11/496: Processing 50000 to 55000...
[2025-12-09 20:15:36] [INFO] Batch 12/496: Processing 55000 to 60000...
[2025-12-09 20:15:42] [INFO] Batch 13/496: Processing 60000 to 65000...
[2025-12-09 20:15:48] [INFO] Batch 14/496: Processing 65000 to 70000...
[2025-12-09 20:15:56] [INFO] Batch 15/496: Processing 70000 to 75000...
[2025-12-09 20:16:05] [INFO] Batch 16/496: Processing 75000 to 80000...
[2025-12-09 20:16:11] [INFO] Batch 17/496: Processing 80000 to 85000...
[2025-12-09 20:16:18] [INFO] Batch 18/496: Processing 85000 to 90000...
[2025-12-09 20:16:24] [INFO] Batch 19/496: Processing 90000 to 95000...
[2025-12-09 20:16:32] [INFO] Batch 20/496: Processing 95000 to 100000...
[2025-12-09 20:16:38] [INFO] Batch 21/496: Processing 100000 to 105000...
[2025-12-09 20:16:47] [INFO] Batch 22/496: Processing 105000 to 110000...
[2025-12-09 20:16:55] [INFO] Batch 23/496: Processing 110000 to 115000...
[2025-12-09 20:17:04] [INFO] Batch 24/496: Processing 115000 to 120000...
[2025-12-09 20:17:12] [INFO] Batch 25/496: Processing 120000 to 125000...
[2025-12-09 20:17:20] [INFO] Batch 26/496: Processing 125000 to 130000...
[2025-12-09 20:17:28] [INFO] Batch 27/496: Processing 130000 to 135000...
[2025-12-09 20:17:35] [INFO] Batch 28/496: Processing 135000 to 140000...
[2025-12-09 20:17:44] [INFO] Batch 29/496: Processing 140000 to 145000...
[2025-12-09 20:17:52] [INFO] Batch 30/496: Processing 145000 to 150000...
[2025-12-09 20:18:00] [INFO] Batch 31/496: Processing 150000 to 155000...
[2025-12-09 20:18:07] [INFO] Batch 32/496: Processing 155000 to 160000...
[2025-12-09 20:18:15] [INFO] Batch 33/496: Processing 160000 to 165000...
[2025-12-09 20:18:24] [INFO] Batch 34/496: Processing 165000 to 170000...
[2025-12-09 20:18:33] [INFO] Batch 35/496: Processing 170000 to 175000...
[2025-12-09 20:18:40] [INFO] Batch 36/496: Processing 175000 to 180000...
[2025-12-09 20:18:48] [INFO] Batch 37/496: Processing 180000 to 185000...
[2025-12-09 20:18:56] [INFO] Batch 38/496: Processing 185000 to 190000...
[2025-12-09 20:19:05] [INFO] Batch 39/496: Processing 190000 to 195000...
[2025-12-09 20:19:14] [INFO] Batch 40/496: Processing 195000 to 200000...
[2025-12-09 20:19:22] [INFO] Batch 41/496: Processing 200000 to 205000...
[2025-12-09 20:19:31] [INFO] Batch 42/496: Processing 205000 to 210000...
[2025-12-09 20:19:39] [INFO] Batch 43/496: Processing 210000 to 215000...
[2025-12-09 20:19:48] [INFO] Batch 44/496: Processing 215000 to 220000...
[2025-12-09 20:19:56] [INFO] Batch 45/496: Processing 220000 to 225000...
[2025-12-09 20:20:04] [INFO] Batch 46/496: Processing 225000 to 230000...
[2025-12-09 20:20:14] [INFO] Batch 47/496: Processing 230000 to 235000...
[2025-12-09 20:20:24] [INFO] Batch 48/496: Processing 235000 to 240000...
[2025-12-09 20:20:32] [INFO] Batch 49/496: Processing 240000 to 245000...
[2025-12-09 20:20:41] [INFO] Batch 50/496: Processing 245000 to 250000...
[2025-12-09 20:20:50] [INFO] Batch 51/496: Processing 250000 to 255000...
[2025-12-09 20:21:00] [INFO] Batch 52/496: Processing 255000 to 260000...
[2025-12-09 20:21:08] [INFO] Batch 53/496: Processing 260000 to 265000...
[2025-12-09 20:21:18] [INFO] Batch 54/496: Processing 265000 to 270000...
[2025-12-09 20:21:27] [INFO] Batch 55/496: Processing 270000 to 275000...
[2025-12-09 20:21:37] [INFO] Batch 56/496: Processing 275000 to 280000...
[2025-12-09 20:21:47] [INFO] Batch 57/496: Processing 280000 to 285000...
[2025-12-09 20:21:57] [INFO] Batch 58/496: Processing 285000 to 290000...
[2025-12-09 20:22:07] [INFO] Batch 59/496: Processing 290000 to 295000...
[2025-12-09 20:22:16] [INFO] Batch 60/496: Processing 295000 to 300000...
[2025-12-09 20:22:27] [INFO] Batch 61/496: Processing 300000 to 305000...
[2025-12-09 20:22:37] [INFO] Batch 62/496: Processing 305000 to 310000...
[2025-12-09 20:22:45] [INFO] Batch 63/496: Processing 310000 to 315000...
[2025-12-09 20:22:56] [INFO] Batch 64/496: Processing 315000 to 320000...
[2025-12-09 20:23:06] [INFO] Batch 65/496: Processing 320000 to 325000...
[2025-12-09 20:23:16] [INFO] Batch 66/496: Processing 325000 to 330000...
[2025-12-09 20:23:25] [INFO] Batch 67/496: Processing 330000 to 335000...
[2025-12-09 20:23:35] [INFO] Batch 68/496: Processing 335000 to 340000...
[2025-12-09 20:23:43] [INFO] Batch 69/496: Processing 340000 to 345000...
[2025-12-09 20:23:52] [INFO] Batch 70/496: Processing 345000 to 350000...
[2025-12-09 20:24:01] [INFO] Batch 71/496: Processing 350000 to 355000...
[2025-12-09 20:24:12] [INFO] Batch 72/496: Processing 355000 to 360000...
[2025-12-09 20:24:22] [INFO] Batch 73/496: Processing 360000 to 365000...
[2025-12-09 20:24:32] [INFO] Batch 74/496: Processing 365000 to 370000...
[2025-12-09 20:24:41] [INFO] Batch 75/496: Processing 370000 to 375000...
[2025-12-09 20:24:50] [INFO] Batch 76/496: Processing 375000 to 380000...
[2025-12-09 20:25:00] [INFO] Batch 77/496: Processing 380000 to 385000...
[2025-12-09 20:25:11] [INFO] Batch 78/496: Processing 385000 to 390000...
[2025-12-09 20:25:22] [INFO] Batch 79/496: Processing 390000 to 395000...
[2025-12-09 20:25:31] [INFO] Batch 80/496: Processing 395000 to 400000...
[2025-12-09 20:25:41] [INFO] Batch 81/496: Processing 400000 to 405000...
[2025-12-09 20:25:52] [INFO] Batch 82/496: Processing 405000 to 410000...
[2025-12-09 20:26:02] [INFO] Batch 83/496: Processing 410000 to 415000...
[2025-12-09 20:26:12] [INFO] Batch 84/496: Processing 415000 to 420000...
[2025-12-09 20:26:23] [INFO] Batch 85/496: Processing 420000 to 425000...
[2025-12-09 20:26:34] [INFO] Batch 86/496: Processing 425000 to 430000...
[2025-12-09 20:26:45] [INFO] Batch 87/496: Processing 430000 to 435000...
[2025-12-09 20:26:56] [INFO] Batch 88/496: Processing 435000 to 440000...
[2025-12-09 20:27:08] [INFO] Batch 89/496: Processing 440000 to 445000...
[2025-12-09 20:27:18] [INFO] Batch 90/496: Processing 445000 to 450000...
[2025-12-09 20:27:30] [INFO] Batch 91/496: Processing 450000 to 455000...
[2025-12-09 20:27:39] [INFO] Batch 92/496: Processing 455000 to 460000...
[2025-12-09 20:27:47] [INFO] Batch 93/496: Processing 460000 to 465000...
[2025-12-09 20:27:58] [INFO] Batch 94/496: Processing 465000 to 470000...
[2025-12-09 20:28:08] [INFO] Batch 95/496: Processing 470000 to 475000...
[2025-12-09 20:28:18] [INFO] Batch 96/496: Processing 475000 to 480000...
[2025-12-09 20:28:30] [INFO] Batch 97/496: Processing 480000 to 485000...
[2025-12-09 20:28:40] [INFO] Batch 98/496: Processing 485000 to 490000...
[2025-12-09 20:28:51] [INFO] Batch 99/496: Processing 490000 to 495000...
[2025-12-09 20:29:02] [INFO] Batch 100/496: Processing 495000 to 500000...
[2025-12-09 20:29:13] [INFO] Batch 101/496: Processing 500000 to 505000...
[2025-12-09 20:29:24] [INFO] Batch 102/496: Processing 505000 to 510000...
[2025-12-09 20:29:34] [INFO] Batch 103/496: Processing 510000 to 515000...
[2025-12-09 20:29:45] [INFO] Batch 104/496: Processing 515000 to 520000...
[2025-12-09 20:29:57] [INFO] Batch 105/496: Processing 520000 to 525000...
[2025-12-09 20:30:09] [INFO] Batch 106/496: Processing 525000 to 530000...
[2025-12-09 20:30:20] [INFO] Batch 107/496: Processing 530000 to 535000...
[2025-12-09 20:30:32] [INFO] Batch 108/496: Processing 535000 to 540000...
[2025-12-09 20:30:42] [INFO] Batch 109/496: Processing 540000 to 545000...
[2025-12-09 20:30:52] [INFO] Batch 110/496: Processing 545000 to 550000...
[2025-12-09 20:31:02] [INFO] Batch 111/496: Processing 550000 to 555000...
[2025-12-09 20:31:12] [INFO] Batch 112/496: Processing 555000 to 560000...
[2025-12-09 20:31:23] [INFO] Batch 113/496: Processing 560000 to 565000...
[2025-12-09 20:31:33] [INFO] Batch 114/496: Processing 565000 to 570000...
[2025-12-09 20:31:42] [INFO] Batch 115/496: Processing 570000 to 575000...
[2025-12-09 20:31:52] [INFO] Batch 116/496: Processing 575000 to 580000...
[2025-12-09 20:32:01] [INFO] Batch 117/496: Processing 580000 to 585000...
[2025-12-09 20:32:12] [INFO] Batch 118/496: Processing 585000 to 590000...
[2025-12-09 20:32:23] [INFO] Batch 119/496: Processing 590000 to 595000...
[2025-12-09 20:32:34] [INFO] Batch 120/496: Processing 595000 to 600000...
[2025-12-09 20:32:45] [INFO] Batch 121/496: Processing 600000 to 605000...
[2025-12-09 20:32:57] [INFO] Batch 122/496: Processing 605000 to 610000...
[2025-12-09 20:33:10] [INFO] Batch 123/496: Processing 610000 to 615000...
[2025-12-09 20:33:21] [INFO] Batch 124/496: Processing 615000 to 620000...
[2025-12-09 20:33:33] [INFO] Batch 125/496: Processing 620000 to 625000...
[2025-12-09 20:33:45] [INFO] Batch 126/496: Processing 625000 to 630000...
[2025-12-09 20:33:58] [INFO] Batch 127/496: Processing 630000 to 635000...
[2025-12-09 20:34:10] [INFO] Batch 128/496: Processing 635000 to 640000...
[2025-12-09 20:34:23] [INFO] Batch 129/496: Processing 640000 to 645000...
[2025-12-09 20:34:36] [INFO] Batch 130/496: Processing 645000 to 650000...
[2025-12-09 20:34:48] [INFO] Batch 131/496: Processing 650000 to 655000...
[2025-12-09 20:34:59] [INFO] Batch 132/496: Processing 655000 to 660000...
[2025-12-09 20:35:11] [INFO] Batch 133/496: Processing 660000 to 665000...
[2025-12-09 20:35:24] [INFO] Batch 134/496: Processing 665000 to 670000...
[2025-12-09 20:35:37] [INFO] Batch 135/496: Processing 670000 to 675000...
[2025-12-09 20:35:47] [INFO] Batch 136/496: Processing 675000 to 680000...
[2025-12-09 20:35:58] [INFO] Batch 137/496: Processing 680000 to 685000...
[2025-12-09 20:36:10] [INFO] Batch 138/496: Processing 685000 to 690000...
[2025-12-09 20:36:23] [INFO] Batch 139/496: Processing 690000 to 695000...
[2025-12-09 20:36:35] [INFO] Batch 140/496: Processing 695000 to 700000...
[2025-12-09 20:36:48] [INFO] Batch 141/496: Processing 700000 to 705000...
[2025-12-09 20:37:00] [INFO] Batch 142/496: Processing 705000 to 710000...
[2025-12-09 20:37:14] [INFO] Batch 143/496: Processing 710000 to 715000...
[2025-12-09 20:37:25] [INFO] Batch 144/496: Processing 715000 to 720000...
[2025-12-09 20:37:38] [INFO] Batch 145/496: Processing 720000 to 725000...
[2025-12-09 20:37:51] [INFO] Batch 146/496: Processing 725000 to 730000...
[2025-12-09 20:38:04] [INFO] Batch 147/496: Processing 730000 to 735000...
[2025-12-09 20:38:18] [INFO] Batch 148/496: Processing 735000 to 740000...
[2025-12-09 20:38:28] [INFO] Batch 149/496: Processing 740000 to 745000...
[2025-12-09 20:38:42] [INFO] Batch 150/496: Processing 745000 to 750000...
[2025-12-09 20:38:54] [INFO] Batch 151/496: Processing 750000 to 755000...
[2025-12-09 20:39:08] [INFO] Batch 152/496: Processing 755000 to 760000...
[2025-12-09 20:39:21] [INFO] Batch 153/496: Processing 760000 to 765000...
[2025-12-09 20:39:34] [INFO] Batch 154/496: Processing 765000 to 770000...
[2025-12-09 20:39:48] [INFO] Batch 155/496: Processing 770000 to 775000...
[2025-12-09 20:40:02] [INFO] Batch 156/496: Processing 775000 to 780000...
[2025-12-09 20:40:15] [INFO] Batch 157/496: Processing 780000 to 785000...
[2025-12-09 20:40:27] [INFO] Batch 158/496: Processing 785000 to 790000...
[2025-12-09 20:40:39] [INFO] Batch 159/496: Processing 790000 to 795000...
[2025-12-09 20:40:50] [INFO] Batch 160/496: Processing 795000 to 800000...
[2025-12-09 20:41:03] [INFO] Batch 161/496: Processing 800000 to 805000...
[2025-12-09 20:41:15] [INFO] Batch 162/496: Processing 805000 to 810000...
[2025-12-09 20:41:27] [INFO] Batch 163/496: Processing 810000 to 815000...
[2025-12-09 20:41:41] [INFO] Batch 164/496: Processing 815000 to 820000...
[2025-12-09 20:41:54] [INFO] Batch 165/496: Processing 820000 to 825000...
[2025-12-09 20:42:07] [INFO] Batch 166/496: Processing 825000 to 830000...
[2025-12-09 20:42:20] [INFO] Batch 167/496: Processing 830000 to 835000...
[2025-12-09 20:42:33] [INFO] Batch 168/496: Processing 835000 to 840000...
[2025-12-09 20:42:46] [INFO] Batch 169/496: Processing 840000 to 845000...
[2025-12-09 20:42:59] [INFO] Batch 170/496: Processing 845000 to 850000...
[2025-12-09 20:43:12] [INFO] Batch 171/496: Processing 850000 to 855000...
[2025-12-09 20:43:27] [INFO] Batch 172/496: Processing 855000 to 860000...
[2025-12-09 20:43:39] [INFO] Batch 173/496: Processing 860000 to 865000...
[2025-12-09 20:43:52] [INFO] Batch 174/496: Processing 865000 to 870000...
[2025-12-09 20:44:05] [INFO] Batch 175/496: Processing 870000 to 875000...
[2025-12-09 20:44:20] [INFO] Batch 176/496: Processing 875000 to 880000...
[2025-12-09 20:44:33] [INFO] Batch 177/496: Processing 880000 to 885000...
[2025-12-09 20:44:48] [INFO] Batch 178/496: Processing 885000 to 890000...
[2025-12-09 20:45:00] [INFO] Batch 179/496: Processing 890000 to 895000...
[2025-12-09 20:45:12] [INFO] Batch 180/496: Processing 895000 to 900000...
[2025-12-09 20:45:26] [INFO] Batch 181/496: Processing 900000 to 905000...
[2025-12-09 20:45:40] [INFO] Batch 182/496: Processing 905000 to 910000...
[2025-12-09 20:45:54] [INFO] Batch 183/496: Processing 910000 to 915000...
[2025-12-09 20:46:08] [INFO] Batch 184/496: Processing 915000 to 920000...
[2025-12-09 20:46:21] [INFO] Batch 185/496: Processing 920000 to 925000...
[2025-12-09 20:46:35] [INFO] Batch 186/496: Processing 925000 to 930000...
[2025-12-09 20:46:48] [INFO] Batch 187/496: Processing 930000 to 935000...
[2025-12-09 20:47:02] [INFO] Batch 188/496: Processing 935000 to 940000...
[2025-12-09 20:47:15] [INFO] Batch 189/496: Processing 940000 to 945000...
[2025-12-09 20:47:29] [INFO] Batch 190/496: Processing 945000 to 950000...
[2025-12-09 20:47:42] [INFO] Batch 191/496: Processing 950000 to 955000...
[2025-12-09 20:47:57] [INFO] Batch 192/496: Processing 955000 to 960000...
[2025-12-09 20:48:11] [INFO] Batch 193/496: Processing 960000 to 965000...
[2025-12-09 20:48:26] [INFO] Batch 194/496: Processing 965000 to 970000...
[2025-12-09 20:48:41] [INFO] Batch 195/496: Processing 970000 to 975000...
[2025-12-09 20:48:54] [INFO] Batch 196/496: Processing 975000 to 980000...
[2025-12-09 20:49:09] [INFO] Batch 197/496: Processing 980000 to 985000...
[2025-12-09 20:49:25] [INFO] Batch 198/496: Processing 985000 to 990000...
[2025-12-09 20:49:38] [INFO] Batch 199/496: Processing 990000 to 995000...
[2025-12-09 20:49:53] [INFO] Batch 200/496: Processing 995000 to 1000000...
[2025-12-09 20:50:08] [INFO] Batch 201/496: Processing 1000000 to 1005000...
[2025-12-09 20:50:22] [INFO] Batch 202/496: Processing 1005000 to 1010000...
[2025-12-09 20:50:37] [INFO] Batch 203/496: Processing 1010000 to 1015000...
[2025-12-09 20:50:51] [INFO] Batch 204/496: Processing 1015000 to 1020000...
[2025-12-09 20:51:06] [INFO] Batch 205/496: Processing 1020000 to 1025000...
[2025-12-09 20:51:22] [INFO] Batch 206/496: Processing 1025000 to 1030000...
[2025-12-09 20:51:37] [INFO] Batch 207/496: Processing 1030000 to 1035000...
[2025-12-09 20:51:53] [INFO] Batch 208/496: Processing 1035000 to 1040000...
[2025-12-09 20:52:08] [INFO] Batch 209/496: Processing 1040000 to 1045000...
[2025-12-09 20:52:25] [INFO] Batch 210/496: Processing 1045000 to 1050000...
[2025-12-09 20:52:42] [INFO] Batch 211/496: Processing 1050000 to 1055000...
[2025-12-09 20:52:59] [INFO] Batch 212/496: Processing 1055000 to 1060000...
[2025-12-09 20:53:14] [INFO] Batch 213/496: Processing 1060000 to 1065000...
[2025-12-09 20:53:31] [INFO] Batch 214/496: Processing 1065000 to 1070000...
[2025-12-09 20:53:46] [INFO] Batch 215/496: Processing 1070000 to 1075000...
[2025-12-09 20:54:04] [INFO] Batch 216/496: Processing 1075000 to 1080000...
[2025-12-09 20:54:18] [INFO] Batch 217/496: Processing 1080000 to 1085000...
[2025-12-09 20:54:34] [INFO] Batch 218/496: Processing 1085000 to 1090000...
[2025-12-09 20:54:50] [INFO] Batch 219/496: Processing 1090000 to 1095000...
[2025-12-09 20:55:06] [INFO] Batch 220/496: Processing 1095000 to 1100000...
[2025-12-09 20:55:24] [INFO] Batch 221/496: Processing 1100000 to 1105000...
[2025-12-09 20:55:40] [INFO] Batch 222/496: Processing 1105000 to 1110000...
[2025-12-09 20:55:57] [INFO] Batch 223/496: Processing 1110000 to 1115000...
[2025-12-09 20:56:15] [INFO] Batch 224/496: Processing 1115000 to 1120000...
[2025-12-09 20:56:31] [INFO] Batch 225/496: Processing 1120000 to 1125000...
[2025-12-09 20:56:47] [INFO] Batch 226/496: Processing 1125000 to 1130000...
[2025-12-09 20:57:05] [INFO] Batch 227/496: Processing 1130000 to 1135000...
[2025-12-09 20:57:21] [INFO] Batch 228/496: Processing 1135000 to 1140000...
[2025-12-09 20:57:36] [INFO] Batch 229/496: Processing 1140000 to 1145000...
[2025-12-09 20:57:51] [INFO] Batch 230/496: Processing 1145000 to 1150000...
[2025-12-09 20:58:07] [INFO] Batch 231/496: Processing 1150000 to 1155000...
[2025-12-09 20:58:25] [INFO] Batch 232/496: Processing 1155000 to 1160000...
[2025-12-09 20:58:41] [INFO] Batch 233/496: Processing 1160000 to 1165000...
[2025-12-09 20:58:59] [INFO] Batch 234/496: Processing 1165000 to 1170000...
[2025-12-09 20:59:16] [INFO] Batch 235/496: Processing 1170000 to 1175000...
[2025-12-09 20:59:33] [INFO] Batch 236/496: Processing 1175000 to 1180000...
[2025-12-09 20:59:50] [INFO] Batch 237/496: Processing 1180000 to 1185000...
[2025-12-09 21:00:09] [INFO] Batch 238/496: Processing 1185000 to 1190000...
[2025-12-09 21:00:26] [INFO] Batch 239/496: Processing 1190000 to 1195000...
[2025-12-09 21:00:43] [INFO] Batch 240/496: Processing 1195000 to 1200000...
[2025-12-09 21:01:00] [INFO] Batch 241/496: Processing 1200000 to 1205000...
[2025-12-09 21:01:16] [INFO] Batch 242/496: Processing 1205000 to 1210000...
[2025-12-09 21:01:35] [INFO] Batch 243/496: Processing 1210000 to 1215000...
[2025-12-09 21:01:54] [INFO] Batch 244/496: Processing 1215000 to 1220000...
[2025-12-09 21:02:11] [INFO] Batch 245/496: Processing 1220000 to 1225000...
[2025-12-09 21:02:30] [INFO] Batch 246/496: Processing 1225000 to 1230000...
[2025-12-09 21:02:50] [INFO] Batch 247/496: Processing 1230000 to 1235000...
[2025-12-09 21:03:07] [INFO] Batch 248/496: Processing 1235000 to 1240000...
[2025-12-09 21:03:23] [INFO] Batch 249/496: Processing 1240000 to 1245000...
[2025-12-09 21:03:40] [INFO] Batch 250/496: Processing 1245000 to 1250000...
[2025-12-09 21:03:56] [INFO] Batch 251/496: Processing 1250000 to 1255000...
[2025-12-09 21:04:13] [INFO] Batch 252/496: Processing 1255000 to 1260000...
[2025-12-09 21:04:32] [INFO] Batch 253/496: Processing 1260000 to 1265000...
[2025-12-09 21:04:50] [INFO] Batch 254/496: Processing 1265000 to 1270000...
[2025-12-09 21:05:07] [INFO] Batch 255/496: Processing 1270000 to 1275000...
[2025-12-09 21:05:27] [INFO] Batch 256/496: Processing 1275000 to 1280000...
[2025-12-09 21:05:46] [INFO] Batch 257/496: Processing 1280000 to 1285000...
[2025-12-09 21:06:04] [INFO] Batch 258/496: Processing 1285000 to 1290000...
[2025-12-09 21:06:23] [INFO] Batch 259/496: Processing 1290000 to 1295000...
[2025-12-09 21:06:41] [INFO] Batch 260/496: Processing 1295000 to 1300000...
[2025-12-09 21:07:00] [INFO] Batch 261/496: Processing 1300000 to 1305000...
[2025-12-09 21:07:16] [INFO] Batch 262/496: Processing 1305000 to 1310000...
[2025-12-09 21:07:34] [INFO] Batch 263/496: Processing 1310000 to 1315000...
[2025-12-09 21:07:53] [INFO] Batch 264/496: Processing 1315000 to 1320000...
[2025-12-09 21:08:11] [INFO] Batch 265/496: Processing 1320000 to 1325000...
[2025-12-09 21:08:31] [INFO] Batch 266/496: Processing 1325000 to 1330000...
[2025-12-09 21:08:52] [INFO] Batch 267/496: Processing 1330000 to 1335000...
[2025-12-09 21:09:12] [INFO] Batch 268/496: Processing 1335000 to 1340000...
[2025-12-09 21:09:31] [INFO] Batch 269/496: Processing 1340000 to 1345000...
[2025-12-09 21:09:49] [INFO] Batch 270/496: Processing 1345000 to 1350000...
[2025-12-09 21:10:07] [INFO] Batch 271/496: Processing 1350000 to 1355000...
[2025-12-09 21:10:28] [INFO] Batch 272/496: Processing 1355000 to 1360000...
[2025-12-09 21:10:47] [INFO] Batch 273/496: Processing 1360000 to 1365000...
[2025-12-09 21:11:07] [INFO] Batch 274/496: Processing 1365000 to 1370000...
[2025-12-09 21:11:26] [INFO] Batch 275/496: Processing 1370000 to 1375000...
[2025-12-09 21:11:47] [INFO] Batch 276/496: Processing 1375000 to 1380000...
[2025-12-09 21:12:06] [INFO] Batch 277/496: Processing 1380000 to 1385000...
[2025-12-09 21:12:25] [INFO] Batch 278/496: Processing 1385000 to 1390000...
[2025-12-09 21:12:45] [INFO] Batch 279/496: Processing 1390000 to 1395000...
[2025-12-09 21:13:05] [INFO] Batch 280/496: Processing 1395000 to 1400000...
[2025-12-09 21:13:25] [INFO] Batch 281/496: Processing 1400000 to 1405000...
[2025-12-09 21:13:44] [INFO] Batch 282/496: Processing 1405000 to 1410000...
[2025-12-09 21:14:05] [INFO] Batch 283/496: Processing 1410000 to 1415000...
[2025-12-09 21:14:27] [INFO] Batch 284/496: Processing 1415000 to 1420000...
[2025-12-09 21:14:49] [INFO] Batch 285/496: Processing 1420000 to 1425000...
[2025-12-09 21:15:09] [INFO] Batch 286/496: Processing 1425000 to 1430000...
[2025-12-09 21:15:30] [INFO] Batch 287/496: Processing 1430000 to 1435000...
[2025-12-09 21:15:50] [INFO] Batch 288/496: Processing 1435000 to 1440000...
[2025-12-09 21:16:10] [INFO] Batch 289/496: Processing 1440000 to 1445000...
[2025-12-09 21:16:32] [INFO] Batch 290/496: Processing 1445000 to 1450000...
[2025-12-09 21:16:53] [INFO] Batch 291/496: Processing 1450000 to 1455000...
[2025-12-09 21:17:16] [INFO] Batch 292/496: Processing 1455000 to 1460000...
[2025-12-09 21:17:36] [INFO] Batch 293/496: Processing 1460000 to 1465000...
[2025-12-09 21:17:57] [INFO] Batch 294/496: Processing 1465000 to 1470000...
[2025-12-09 21:18:18] [INFO] Batch 295/496: Processing 1470000 to 1475000...
[2025-12-09 21:18:38] [INFO] Batch 296/496: Processing 1475000 to 1480000...
[2025-12-09 21:18:58] [INFO] Batch 297/496: Processing 1480000 to 1485000...
[2025-12-09 21:19:19] [INFO] Batch 298/496: Processing 1485000 to 1490000...
[2025-12-09 21:19:42] [INFO] Batch 299/496: Processing 1490000 to 1495000...
[2025-12-09 21:20:04] [INFO] Batch 300/496: Processing 1495000 to 1500000...
[2025-12-09 21:20:26] [INFO] Batch 301/496: Processing 1500000 to 1505000...
[2025-12-09 21:20:49] [INFO] Batch 302/496: Processing 1505000 to 1510000...
[2025-12-09 21:21:09] [INFO] Batch 303/496: Processing 1510000 to 1515000...
[2025-12-09 21:21:33] [INFO] Batch 304/496: Processing 1515000 to 1520000...
[2025-12-09 21:21:55] [INFO] Batch 305/496: Processing 1520000 to 1525000...
[2025-12-09 21:22:17] [INFO] Batch 306/496: Processing 1525000 to 1530000...
[2025-12-09 21:22:40] [INFO] Batch 307/496: Processing 1530000 to 1535000...
[2025-12-09 21:23:02] [INFO] Batch 308/496: Processing 1535000 to 1540000...
[2025-12-09 21:23:25] [INFO] Batch 309/496: Processing 1540000 to 1545000...
[2025-12-09 21:23:48] [INFO] Batch 310/496: Processing 1545000 to 1550000...
[2025-12-09 21:24:11] [INFO] Batch 311/496: Processing 1550000 to 1555000...
[2025-12-09 21:24:34] [INFO] Batch 312/496: Processing 1555000 to 1560000...
[2025-12-09 21:24:57] [INFO] Batch 313/496: Processing 1560000 to 1565000...
[2025-12-09 21:25:19] [INFO] Batch 314/496: Processing 1565000 to 1570000...
[2025-12-09 21:25:42] [INFO] Batch 315/496: Processing 1570000 to 1575000...
[2025-12-09 21:26:03] [INFO] Batch 316/496: Processing 1575000 to 1580000...
[2025-12-09 21:26:23] [INFO] Batch 317/496: Processing 1580000 to 1585000...
[2025-12-09 21:26:45] [INFO] Batch 318/496: Processing 1585000 to 1590000...
[2025-12-09 21:27:06] [INFO] Batch 319/496: Processing 1590000 to 1595000...
[2025-12-09 21:27:28] [INFO] Batch 320/496: Processing 1595000 to 1600000...
[2025-12-09 21:27:50] [INFO] Batch 321/496: Processing 1600000 to 1605000...
[2025-12-09 21:28:13] [INFO] Batch 322/496: Processing 1605000 to 1610000...
[2025-12-09 21:28:36] [INFO] Batch 323/496: Processing 1610000 to 1615000...
[2025-12-09 21:29:00] [INFO] Batch 324/496: Processing 1615000 to 1620000...
[2025-12-09 21:29:22] [INFO] Batch 325/496: Processing 1620000 to 1625000...
[2025-12-09 21:29:46] [INFO] Batch 326/496: Processing 1625000 to 1630000...
[2025-12-09 21:30:09] [INFO] Batch 327/496: Processing 1630000 to 1635000...
[2025-12-09 21:30:31] [INFO] Batch 328/496: Processing 1635000 to 1640000...
[2025-12-09 21:30:54] [INFO] Batch 329/496: Processing 1640000 to 1645000...
[2025-12-09 21:31:16] [INFO] Batch 330/496: Processing 1645000 to 1650000...
[2025-12-09 21:31:38] [INFO] Batch 331/496: Processing 1650000 to 1655000...
[2025-12-09 21:32:01] [INFO] Batch 332/496: Processing 1655000 to 1660000...
[2025-12-09 21:32:26] [INFO] Batch 333/496: Processing 1660000 to 1665000...
[2025-12-09 21:32:48] [INFO] Batch 334/496: Processing 1665000 to 1670000...
[2025-12-09 21:33:10] [INFO] Batch 335/496: Processing 1670000 to 1675000...
[2025-12-09 21:33:33] [INFO] Batch 336/496: Processing 1675000 to 1680000...
[2025-12-09 21:33:57] [INFO] Batch 337/496: Processing 1680000 to 1685000...
[2025-12-09 21:34:22] [INFO] Batch 338/496: Processing 1685000 to 1690000...
[2025-12-09 21:34:44] [INFO] Batch 339/496: Processing 1690000 to 1695000...
[2025-12-09 21:35:05] [INFO] Batch 340/496: Processing 1695000 to 1700000...
[2025-12-09 21:35:27] [INFO] Batch 341/496: Processing 1700000 to 1705000...
[2025-12-09 21:35:52] [INFO] Batch 342/496: Processing 1705000 to 1710000...
[2025-12-09 21:36:17] [INFO] Batch 343/496: Processing 1710000 to 1715000...
[2025-12-09 21:36:42] [INFO] Batch 344/496: Processing 1715000 to 1720000...
[2025-12-09 21:37:05] [INFO] Batch 345/496: Processing 1720000 to 1725000...
[2025-12-09 21:37:31] [INFO] Batch 346/496: Processing 1725000 to 1730000...
[2025-12-09 21:37:55] [INFO] Batch 347/496: Processing 1730000 to 1735000...
[2025-12-09 21:38:21] [INFO] Batch 348/496: Processing 1735000 to 1740000...
[2025-12-09 21:38:44] [INFO] Batch 349/496: Processing 1740000 to 1745000...
[2025-12-09 21:39:11] [INFO] Batch 350/496: Processing 1745000 to 1750000...
[2025-12-09 21:39:36] [INFO] Batch 351/496: Processing 1750000 to 1755000...
[2025-12-09 21:40:00] [INFO] Batch 352/496: Processing 1755000 to 1760000...
[2025-12-09 21:40:27] [INFO] Batch 353/496: Processing 1760000 to 1765000...
[2025-12-09 21:40:50] [INFO] Batch 354/496: Processing 1765000 to 1770000...
[2025-12-09 21:41:13] [INFO] Batch 355/496: Processing 1770000 to 1775000...
[2025-12-09 21:41:36] [INFO] Batch 356/496: Processing 1775000 to 1780000...
[2025-12-09 21:42:03] [INFO] Batch 357/496: Processing 1780000 to 1785000...
[2025-12-09 21:42:27] [INFO] Batch 358/496: Processing 1785000 to 1790000...
[2025-12-09 21:42:52] [INFO] Batch 359/496: Processing 1790000 to 1795000...
[2025-12-09 21:43:19] [INFO] Batch 360/496: Processing 1795000 to 1800000...
[2025-12-09 21:43:42] [INFO] Batch 361/496: Processing 1800000 to 1805000...
[2025-12-09 21:44:06] [INFO] Batch 362/496: Processing 1805000 to 1810000...
[2025-12-09 21:44:34] [INFO] Batch 363/496: Processing 1810000 to 1815000...
[2025-12-09 21:44:59] [INFO] Batch 364/496: Processing 1815000 to 1820000...
[2025-12-09 21:45:24] [INFO] Batch 365/496: Processing 1820000 to 1825000...
[2025-12-09 21:45:48] [INFO] Batch 366/496: Processing 1825000 to 1830000...
[2025-12-09 21:46:16] [INFO] Batch 367/496: Processing 1830000 to 1835000...
[2025-12-09 21:46:42] [INFO] Batch 368/496: Processing 1835000 to 1840000...
[2025-12-09 21:47:09] [INFO] Batch 369/496: Processing 1840000 to 1845000...
[2025-12-09 21:47:36] [INFO] Batch 370/496: Processing 1845000 to 1850000...
[2025-12-09 21:48:01] [INFO] Batch 371/496: Processing 1850000 to 1855000...
[2025-12-09 21:48:27] [INFO] Batch 372/496: Processing 1855000 to 1860000...
[2025-12-09 21:48:54] [INFO] Batch 373/496: Processing 1860000 to 1865000...
[2025-12-09 21:49:19] [INFO] Batch 374/496: Processing 1865000 to 1870000...
[2025-12-09 21:49:48] [INFO] Batch 375/496: Processing 1870000 to 1875000...
[2025-12-09 21:50:14] [INFO] Batch 376/496: Processing 1875000 to 1880000...
[2025-12-09 21:50:39] [INFO] Batch 377/496: Processing 1880000 to 1885000...
[2025-12-09 21:51:07] [INFO] Batch 378/496: Processing 1885000 to 1890000...
[2025-12-09 21:51:33] [INFO] Batch 379/496: Processing 1890000 to 1895000...
[2025-12-09 21:52:00] [INFO] Batch 380/496: Processing 1895000 to 1900000...
[2025-12-09 21:52:29] [INFO] Batch 381/496: Processing 1900000 to 1905000...
[2025-12-09 21:52:58] [INFO] Batch 382/496: Processing 1905000 to 1910000...
[2025-12-09 21:53:27] [INFO] Batch 383/496: Processing 1910000 to 1915000...
[2025-12-09 21:53:55] [INFO] Batch 384/496: Processing 1915000 to 1920000...
[2025-12-09 21:54:25] [INFO] Batch 385/496: Processing 1920000 to 1925000...
[2025-12-09 21:54:54] [INFO] Batch 386/496: Processing 1925000 to 1930000...
[2025-12-09 21:55:23] [INFO] Batch 387/496: Processing 1930000 to 1935000...
[2025-12-09 21:55:52] [INFO] Batch 388/496: Processing 1935000 to 1940000...
[2025-12-09 21:56:19] [INFO] Batch 389/496: Processing 1940000 to 1945000...
[2025-12-09 21:56:48] [INFO] Batch 390/496: Processing 1945000 to 1950000...
[2025-12-09 21:57:16] [INFO] Batch 391/496: Processing 1950000 to 1955000...
[2025-12-09 21:57:44] [INFO] Batch 392/496: Processing 1955000 to 1960000...
[2025-12-09 21:58:09] [INFO] Batch 393/496: Processing 1960000 to 1965000...
[2025-12-09 21:58:36] [INFO] Batch 394/496: Processing 1965000 to 1970000...
[2025-12-09 21:59:04] [INFO] Batch 395/496: Processing 1970000 to 1975000...
[2025-12-09 21:59:33] [INFO] Batch 396/496: Processing 1975000 to 1980000...
[2025-12-09 21:59:58] [INFO] Batch 397/496: Processing 1980000 to 1985000...
[2025-12-09 22:00:26] [INFO] Batch 398/496: Processing 1985000 to 1990000...
[2025-12-09 22:00:53] [INFO] Batch 399/496: Processing 1990000 to 1995000...
[2025-12-09 22:01:21] [INFO] Batch 400/496: Processing 1995000 to 2000000...
[2025-12-09 22:01:49] [INFO] Batch 401/496: Processing 2000000 to 2005000...
[2025-12-09 22:02:19] [INFO] Batch 402/496: Processing 2005000 to 2010000...
[2025-12-09 22:02:46] [INFO] Batch 403/496: Processing 2010000 to 2015000...
[2025-12-09 22:03:13] [INFO] Batch 404/496: Processing 2015000 to 2020000...
[2025-12-09 22:03:41] [INFO] Batch 405/496: Processing 2020000 to 2025000...
[2025-12-09 22:04:09] [INFO] Batch 406/496: Processing 2025000 to 2030000...
[2025-12-09 22:04:39] [INFO] Batch 407/496: Processing 2030000 to 2035000...
[2025-12-09 22:05:06] [INFO] Batch 408/496: Processing 2035000 to 2040000...
[2025-12-09 22:05:34] [INFO] Batch 409/496: Processing 2040000 to 2045000...
[2025-12-09 22:06:05] [INFO] Batch 410/496: Processing 2045000 to 2050000...
[2025-12-09 22:06:36] [INFO] Batch 411/496: Processing 2050000 to 2055000...
[2025-12-09 22:07:06] [INFO] Batch 412/496: Processing 2055000 to 2060000...
[2025-12-09 22:07:36] [INFO] Batch 413/496: Processing 2060000 to 2065000...
[2025-12-09 22:08:06] [INFO] Batch 414/496: Processing 2065000 to 2070000...
[2025-12-09 22:08:34] [INFO] Batch 415/496: Processing 2070000 to 2075000...
[2025-12-09 22:09:02] [INFO] Batch 416/496: Processing 2075000 to 2080000...
[2025-12-09 22:09:34] [INFO] Batch 417/496: Processing 2080000 to 2085000...
[2025-12-09 22:10:02] [INFO] Batch 418/496: Processing 2085000 to 2090000...
[2025-12-09 22:10:32] [INFO] Batch 419/496: Processing 2090000 to 2095000...
[2025-12-09 22:10:59] [INFO] Batch 420/496: Processing 2095000 to 2100000...
[2025-12-09 22:11:31] [INFO] Batch 421/496: Processing 2100000 to 2105000...
[2025-12-09 22:12:01] [INFO] Batch 422/496: Processing 2105000 to 2110000...
[2025-12-09 22:12:34] [INFO] Batch 423/496: Processing 2110000 to 2115000...
[2025-12-09 22:13:03] [INFO] Batch 424/496: Processing 2115000 to 2120000...
[2025-12-09 22:13:31] [INFO] Batch 425/496: Processing 2120000 to 2125000...
[2025-12-09 22:13:59] [INFO] Batch 426/496: Processing 2125000 to 2130000...
[2025-12-09 22:14:29] [INFO] Batch 427/496: Processing 2130000 to 2135000...
[2025-12-09 22:14:57] [INFO] Batch 428/496: Processing 2135000 to 2140000...
[2025-12-09 22:15:26] [INFO] Batch 429/496: Processing 2140000 to 2145000...
[2025-12-09 22:15:56] [INFO] Batch 430/496: Processing 2145000 to 2150000...
[2025-12-09 22:16:26] [INFO] Batch 431/496: Processing 2150000 to 2155000...
[2025-12-09 22:16:54] [INFO] Batch 432/496: Processing 2155000 to 2160000...
[2025-12-09 22:17:23] [INFO] Batch 433/496: Processing 2160000 to 2165000...
[2025-12-09 22:17:51] [INFO] Batch 434/496: Processing 2165000 to 2170000...
[2025-12-09 22:18:21] [INFO] Batch 435/496: Processing 2170000 to 2175000...
[2025-12-09 22:18:50] [INFO] Batch 436/496: Processing 2175000 to 2180000...
[2025-12-09 22:19:20] [INFO] Batch 437/496: Processing 2180000 to 2185000...
[2025-12-09 22:19:49] [INFO] Batch 438/496: Processing 2185000 to 2190000...
[2025-12-09 22:20:17] [INFO] Batch 439/496: Processing 2190000 to 2195000...
[2025-12-09 22:20:48] [INFO] Batch 440/496: Processing 2195000 to 2200000...
[2025-12-09 22:21:18] [INFO] Batch 441/496: Processing 2200000 to 2205000...
[2025-12-09 22:21:47] [INFO] Batch 442/496: Processing 2205000 to 2210000...
[2025-12-09 22:22:16] [INFO] Batch 443/496: Processing 2210000 to 2215000...
[2025-12-09 22:22:45] [INFO] Batch 444/496: Processing 2215000 to 2220000...
[2025-12-09 22:23:15] [INFO] Batch 445/496: Processing 2220000 to 2225000...
[2025-12-09 22:23:44] [INFO] Batch 446/496: Processing 2225000 to 2230000...
[2025-12-09 22:24:16] [INFO] Batch 447/496: Processing 2230000 to 2235000...
[2025-12-09 22:24:51] [INFO] Batch 448/496: Processing 2235000 to 2240000...
[2025-12-09 22:26:11] [INFO] Batch 449/496: Processing 2240000 to 2245000...
[2025-12-09 22:28:24] [INFO] Batch 450/496: Processing 2245000 to 2250000...
[2025-12-09 22:30:29] [INFO] Batch 451/496: Processing 2250000 to 2255000...
[2025-12-09 22:33:13] [INFO] Batch 452/496: Processing 2255000 to 2260000...
[2025-12-09 22:37:44] [INFO] Batch 453/496: Processing 2260000 to 2265000...
[2025-12-09 22:42:05] [INFO] Batch 454/496: Processing 2265000 to 2270000...
[2025-12-09 22:46:35] [INFO] Batch 455/496: Processing 2270000 to 2275000...
[2025-12-09 22:51:21] [INFO] Batch 456/496: Processing 2275000 to 2280000...
[2025-12-09 22:55:51] [INFO] Batch 457/496: Processing 2280000 to 2285000...
[2025-12-09 22:59:32] [INFO] Batch 458/496: Processing 2285000 to 2290000...
[2025-12-09 23:03:38] [INFO] Batch 459/496: Processing 2290000 to 2295000...
[2025-12-09 23:08:16] [INFO] Batch 460/496: Processing 2295000 to 2300000...
[2025-12-09 23:11:56] [INFO] Batch 461/496: Processing 2300000 to 2305000...
[2025-12-09 23:15:52] [INFO] Batch 462/496: Processing 2305000 to 2310000...
[2025-12-09 23:19:31] [INFO] Batch 463/496: Processing 2310000 to 2315000...
[2025-12-09 23:24:40] [INFO] Batch 464/496: Processing 2315000 to 2320000...
[2025-12-09 23:29:33] [INFO] Batch 465/496: Processing 2320000 to 2325000...
[2025-12-09 23:34:58] [INFO] Batch 466/496: Processing 2325000 to 2330000...
[2025-12-09 23:39:15] [INFO] Batch 467/496: Processing 2330000 to 2335000...
[2025-12-09 23:44:08] [INFO] Batch 468/496: Processing 2335000 to 2340000...
[2025-12-09 23:49:57] [INFO] Batch 469/496: Processing 2340000 to 2345000...
[2025-12-09 23:55:08] [INFO] Batch 470/496: Processing 2345000 to 2350000...
[2025-12-10 00:00:48] [INFO] Batch 471/496: Processing 2350000 to 2355000...
[2025-12-10 00:06:32] [INFO] Batch 472/496: Processing 2355000 to 2360000...
[2025-12-10 00:11:57] [INFO] Batch 473/496: Processing 2360000 to 2365000...
[2025-12-10 00:17:52] [INFO] Batch 474/496: Processing 2365000 to 2370000...
[2025-12-10 00:23:28] [INFO] Batch 475/496: Processing 2370000 to 2375000...
[2025-12-10 00:29:56] [INFO] Batch 476/496: Processing 2375000 to 2380000...
[2025-12-10 00:34:56] [INFO] Batch 477/496: Processing 2380000 to 2385000...
[2025-12-10 00:41:30] [INFO] Batch 478/496: Processing 2385000 to 2390000...
[2025-12-10 00:48:23] [INFO] Batch 479/496: Processing 2390000 to 2395000...
[2025-12-10 00:54:17] [INFO] Batch 480/496: Processing 2395000 to 2400000...
[2025-12-10 01:01:27] [INFO] Batch 481/496: Processing 2400000 to 2405000...
[2025-12-10 01:07:17] [INFO] Batch 482/496: Processing 2405000 to 2410000...
[2025-12-10 01:14:10] [INFO] Batch 483/496: Processing 2410000 to 2415000...
[2025-12-10 01:21:23] [INFO] Batch 484/496: Processing 2415000 to 2420000...
[2025-12-10 01:27:40] [INFO] Batch 485/496: Processing 2420000 to 2425000...
[2025-12-10 01:34:52] [INFO] Batch 486/496: Processing 2425000 to 2430000...
[2025-12-10 01:41:43] [INFO] Batch 487/496: Processing 2430000 to 2435000...
[2025-12-10 01:49:49] [INFO] Batch 488/496: Processing 2435000 to 2440000...
[2025-12-10 01:56:59] [INFO] Batch 489/496: Processing 2440000 to 2445000...
[2025-12-10 02:04:30] [INFO] Batch 490/496: Processing 2445000 to 2450000...
[2025-12-10 02:12:25] [INFO] Batch 491/496: Processing 2450000 to 2455000...
[2025-12-10 02:20:45] [INFO] Batch 492/496: Processing 2455000 to 2460000...
Exception in thread MsgRouterThr:
Traceback (most recent call last):
  File "/mnt/hdd1/home2/aiba/anaconda3/envs/gvp25-05/lib/python3.9/threading.py", line 980, in _bootstrap_inner
    self.run()
  File "/mnt/hdd1/home2/aiba/anaconda3/envs/gvp25-05/lib/python3.9/threading.py", line 917, in run
    self._target(*self._args, **self._kwargs)
  File "/mnt/hdd1/home2/aiba/anaconda3/envs/gvp25-05/lib/python3.9/site-packages/wandb/sdk/interface/router.py", line 69, in message_loop
    msg = self._read_message()
  File "/mnt/hdd1/home2/aiba/anaconda3/envs/gvp25-05/lib/python3.9/site-packages/wandb/sdk/interface/router_queue.py", line 32, in _read_message
    msg = self._response_queue.get(timeout=1)
  File "/mnt/hdd1/home2/aiba/anaconda3/envs/gvp25-05/lib/python3.9/multiprocessing/queues.py", line 117, in get
