WARNING: Genome length (29903) does not match target_length (30000). Truncating/padding.
Loaded genome sequence tensor of shape: torch.Size([30000])
[INFO] import: ../usher_output/B.1.1.7/0/mutation_paths_B.1.1.7.tsv
[INFO] import: ../usher_output/B.1.1.7/1/mutation_paths_B.1.1.7.tsv
[INFO] import: ../usher_output/B.1.1.7/2/mutation_paths_B.1.1.7.tsv
[INFO] import: ../usher_output/B.1.1.7/3/mutation_paths_B.1.1.7.tsv
[INFO] import: ../usher_output/B.1.1.7/4/mutation_paths_B.1.1.7.tsv
[INFO] import: ../usher_output/B.1.1.7/5/mutation_paths_B.1.1.7.tsv
[INFO] import: ../usher_output/B.1.1.7/6/mutation_paths_B.1.1.7.tsv
[INFO] import: ../usher_output/B.1.1.7/7/mutation_paths_B.1.1.7.tsv
[INFO] import: ../usher_output/B.1.1.7/8/mutation_paths_B.1.1.7.tsv
[INFO] import: ../usher_output/B.1.1.7/9/mutation_paths_B.1.1.7.tsv
[INFO] import: ../usher_output/B.1.1.7/10/mutation_paths_B.1.1.7.tsv
[INFO] import: ../usher_output/B.1.1.7/11/mutation_paths_B.1.1.7.tsv
[INFO] import: ../usher_output/B.1.1.7/12/mutation_paths_B.1.1.7.tsv
[INFO] import: ../usher_output/B.1.1.7/13/mutation_paths_B.1.1.7.tsv
[INFO] import: ../usher_output/B.1.1.7/14/mutation_paths_B.1.1.7.tsv
[INFO] import: ../usher_output/B.1.1.7/15/mutation_paths_B.1.1.7.tsv
[INFO] import: ../usher_output/B.1.1.7/16/mutation_paths_B.1.1.7.tsv
[INFO] import: ../usher_output/B.1.1.7/17/mutation_paths_B.1.1.7.tsv
[INFO] import: ../usher_output/B.1.1.7/18/mutation_paths_B.1.1.7.tsv
[INFO] import: ../usher_output/B.1.1.7/19/mutation_paths_B.1.1.7.tsv
[INFO] B.1.1.7のデータを読み込みました: 626393 サンプル
[INFO] import: ../usher_output/P.1/0/mutation_paths_P.1.tsv
[INFO] P.1のデータを読み込みました: 19724 サンプル
[INFO] import: ../usher_output/BA.2/0/mutation_paths_BA.2.tsv
[INFO] import: ../usher_output/BA.2/1/mutation_paths_BA.2.tsv
[INFO] import: ../usher_output/BA.2/2/mutation_paths_BA.2.tsv
[INFO] import: ../usher_output/BA.2/3/mutation_paths_BA.2.tsv
[INFO] import: ../usher_output/BA.2/4/mutation_paths_BA.2.tsv
[INFO] import: ../usher_output/BA.2/5/mutation_paths_BA.2.tsv
[INFO] import: ../usher_output/BA.2/6/mutation_paths_BA.2.tsv
[INFO] import: ../usher_output/BA.2/7/mutation_paths_BA.2.tsv
[INFO] import: ../usher_output/BA.2/8/mutation_paths_BA.2.tsv
[INFO] import: ../usher_output/BA.2/9/mutation_paths_BA.2.tsv
[INFO] import: ../usher_output/BA.2/10/mutation_paths_BA.2.tsv
[INFO] import: ../usher_output/BA.2/11/mutation_paths_BA.2.tsv
[INFO] import: ../usher_output/BA.2/12/mutation_paths_BA.2.tsv
[INFO] import: ../usher_output/BA.2/13/mutation_paths_BA.2.tsv
[INFO] import: ../usher_output/BA.2/14/mutation_paths_BA.2.tsv
[INFO] import: ../usher_output/BA.2/15/mutation_paths_BA.2.tsv
[INFO] import: ../usher_output/BA.2/16/mutation_paths_BA.2.tsv
[INFO] import: ../usher_output/BA.2/17/mutation_paths_BA.2.tsv
[INFO] import: ../usher_output/BA.2/18/mutation_paths_BA.2.tsv
[INFO] BA.2のデータを読み込みました: 559457 サンプル
[INFO] import: ../usher_output/BA.1.1/0/mutation_paths_BA.1.1.tsv
[INFO] import: ../usher_output/BA.1.1/1/mutation_paths_BA.1.1.tsv
[INFO] import: ../usher_output/BA.1.1/2/mutation_paths_BA.1.1.tsv
[INFO] import: ../usher_output/BA.1.1/3/mutation_paths_BA.1.1.tsv
[INFO] import: ../usher_output/BA.1.1/4/mutation_paths_BA.1.1.tsv
[INFO] import: ../usher_output/BA.1.1/5/mutation_paths_BA.1.1.tsv
[INFO] import: ../usher_output/BA.1.1/6/mutation_paths_BA.1.1.tsv
[INFO] import: ../usher_output/BA.1.1/7/mutation_paths_BA.1.1.tsv
[INFO] import: ../usher_output/BA.1.1/8/mutation_paths_BA.1.1.tsv
[INFO] import: ../usher_output/BA.1.1/9/mutation_paths_BA.1.1.tsv
[INFO] import: ../usher_output/BA.1.1/10/mutation_paths_BA.1.1.tsv
[INFO] import: ../usher_output/BA.1.1/11/mutation_paths_BA.1.1.tsv
[INFO] import: ../usher_output/BA.1.1/12/mutation_paths_BA.1.1.tsv
[INFO] import: ../usher_output/BA.1.1/13/mutation_paths_BA.1.1.tsv
[INFO] import: ../usher_output/BA.1.1/14/mutation_paths_BA.1.1.tsv
[INFO] import: ../usher_output/BA.1.1/15/mutation_paths_BA.1.1.tsv
[INFO] import: ../usher_output/BA.1.1/16/mutation_paths_BA.1.1.tsv
[INFO] import: ../usher_output/BA.1.1/17/mutation_paths_BA.1.1.tsv
[INFO] import: ../usher_output/BA.1.1/18/mutation_paths_BA.1.1.tsv
[INFO] import: ../usher_output/BA.1.1/19/mutation_paths_BA.1.1.tsv
[INFO] import: ../usher_output/BA.1.1/20/mutation_paths_BA.1.1.tsv
[INFO] import: ../usher_output/BA.1.1/21/mutation_paths_BA.1.1.tsv
[INFO] import: ../usher_output/BA.1.1/22/mutation_paths_BA.1.1.tsv
[INFO] BA.1.1のデータを読み込みました: 647075 サンプル
[INFO] import: ../usher_output/BA.1/0/mutation_paths_BA.1.tsv
[INFO] import: ../usher_output/BA.1/1/mutation_paths_BA.1.tsv
[INFO] import: ../usher_output/BA.1/2/mutation_paths_BA.1.tsv
[INFO] import: ../usher_output/BA.1/3/mutation_paths_BA.1.tsv
[INFO] import: ../usher_output/BA.1/4/mutation_paths_BA.1.tsv
[INFO] import: ../usher_output/BA.1/5/mutation_paths_BA.1.tsv
[INFO] import: ../usher_output/BA.1/6/mutation_paths_BA.1.tsv
[INFO] import: ../usher_output/BA.1/7/mutation_paths_BA.1.tsv
[INFO] import: ../usher_output/BA.1/8/mutation_paths_BA.1.tsv
[INFO] import: ../usher_output/BA.1/9/mutation_paths_BA.1.tsv
[INFO] import: ../usher_output/BA.1/10/mutation_paths_BA.1.tsv
[INFO] BA.1のデータを読み込みました: 309861 サンプル
[INFO] import: ../usher_output/B.1.617.2/0/mutation_paths_B.1.617.2.tsv
[INFO] import: ../usher_output/B.1.617.2/1/mutation_paths_B.1.617.2.tsv
[INFO] import: ../usher_output/B.1.617.2/2/mutation_paths_B.1.617.2.tsv
[INFO] B.1.617.2のデータを読み込みました: 84867 サンプル
[INFO] import: ../usher_output/B.1.351/0/mutation_paths_B.1.351.tsv
[INFO] B.1.351のデータを読み込みました: 8900 サンプル
[INFO] import: ../usher_output/B.1.1.529/0/mutation_paths_B.1.1.529.tsv
[INFO] B.1.1.529のデータを読み込みました: 425 サンプル
[INFO] 全件読み込み完了: 2256702 サンプル
元データ 2256702
共起フィルタ 2256339
ユニークパス 1175439
keys: [13, 14, 15, 16, 17, 18, 19, 20, 21, 22, 23, 24, 25, 26, 27, 28, 29, 30, 31, 32, 33, 34, 35, 36, 37, 38, 39, 40, 41, 42, 43, 44, 45, 46, 47, 48, 49, 50, 51, 52, 53, 54, 55, 56, 57, 58, 59, 60, 61, 62, 63]
--- PyTorchモデル学習開始 ---
[22:35:12] Epoch 1/30, Train Loss: 5.0815, Val Loss: 3.1293, Val Orig Acc: 0.5119, Val Pos Acc: 0.8178, Val New Acc: 0.5833
[22:35:12] --- Epoch 1: Validation Position Accuracy improved to 0.8178. Saving model to ../model/20250719_learn2/20250722_221932/best_model.pth ---
[22:35:12] --- Epoch 1 took 610.74 seconds ---
[22:45:19] Epoch 2/30, Train Loss: 2.6297, Val Loss: 2.4398, Val Orig Acc: 0.5184, Val Pos Acc: 0.9747, Val New Acc: 0.5844
[22:45:19] --- Epoch 2: Validation Position Accuracy improved to 0.9747. Saving model to ../model/20250719_learn2/20250722_221932/best_model.pth ---
[22:45:19] --- Epoch 2 took 606.37 seconds ---
[22:56:08] Epoch 3/30, Train Loss: 2.3571, Val Loss: 2.3474, Val Orig Acc: 0.5224, Val Pos Acc: 0.9889, Val New Acc: 0.5903
[22:56:08] --- Epoch 3: Validation Position Accuracy improved to 0.9889. Saving model to ../model/20250719_learn2/20250722_221932/best_model.pth ---
[22:56:08] --- Epoch 3 took 649.31 seconds ---
[23:07:36] Epoch 4/30, Train Loss: 2.3004, Val Loss: 2.3151, Val Orig Acc: 0.5237, Val Pos Acc: 0.9907, Val New Acc: 0.5939
[23:07:36] --- Epoch 4: Validation Position Accuracy improved to 0.9907. Saving model to ../model/20250719_learn2/20250722_221932/best_model.pth ---
[23:07:36] --- Epoch 4 took 687.68 seconds ---
[23:17:42] Epoch 5/30, Train Loss: 2.2733, Val Loss: 2.2774, Val Orig Acc: 0.5367, Val Pos Acc: 0.9934, Val New Acc: 0.5949
[23:17:42] --- Epoch 5: Validation Position Accuracy improved to 0.9934. Saving model to ../model/20250719_learn2/20250722_221932/best_model.pth ---
[23:17:42] --- Epoch 5 took 606.36 seconds ---
[23:28:25] Epoch 6/30, Train Loss: 2.2565, Val Loss: 2.2712, Val Orig Acc: 0.5406, Val Pos Acc: 0.9937, Val New Acc: 0.5965
[23:28:26] --- Epoch 6: Validation Position Accuracy improved to 0.9937. Saving model to ../model/20250719_learn2/20250722_221932/best_model.pth ---
[23:28:26] --- Epoch 6 took 643.40 seconds ---
[23:39:56] Epoch 7/30, Train Loss: 2.2423, Val Loss: 2.3028, Val Orig Acc: 0.5091, Val Pos Acc: 0.9935, Val New Acc: 0.5944
[23:39:56] --- Epoch 7 took 690.07 seconds ---
[23:50:45] Epoch 8/30, Train Loss: 2.2338, Val Loss: 2.2419, Val Orig Acc: 0.5493, Val Pos Acc: 0.9943, Val New Acc: 0.6005
[23:50:45] --- Epoch 8: Validation Position Accuracy improved to 0.9943. Saving model to ../model/20250719_learn2/20250722_221932/best_model.pth ---
[23:50:45] --- Epoch 8 took 649.80 seconds ---
[00:00:55] Epoch 9/30, Train Loss: 2.2268, Val Loss: 2.2766, Val Orig Acc: 0.5455, Val Pos Acc: 0.9941, Val New Acc: 0.6001
[00:00:55] --- Epoch 9 took 609.56 seconds ---
[00:11:45] Epoch 10/30, Train Loss: 2.2199, Val Loss: 2.2270, Val Orig Acc: 0.5467, Val Pos Acc: 0.9950, Val New Acc: 0.6050
[00:11:45] --- Epoch 10: Validation Position Accuracy improved to 0.9950. Saving model to ../model/20250719_learn2/20250722_221932/best_model.pth ---
[00:11:45] --- Epoch 10 took 649.77 seconds ---
[00:23:09] Epoch 11/30, Train Loss: 2.2149, Val Loss: 2.2209, Val Orig Acc: 0.5540, Val Pos Acc: 0.9948, Val New Acc: 0.6058
[00:23:09] --- Epoch 11 took 684.35 seconds ---
[00:34:43] Epoch 12/30, Train Loss: 2.2096, Val Loss: 2.2351, Val Orig Acc: 0.5390, Val Pos Acc: 0.9947, Val New Acc: 0.6053
[00:34:43] --- Epoch 12 took 693.82 seconds ---
[00:44:45] Epoch 13/30, Train Loss: 2.2051, Val Loss: 2.2209, Val Orig Acc: 0.5562, Val Pos Acc: 0.9941, Val New Acc: 0.6041
[00:44:45] --- Epoch 13 took 602.49 seconds ---
[00:54:18] Epoch 14/30, Train Loss: 2.2012, Val Loss: 2.2101, Val Orig Acc: 0.5537, Val Pos Acc: 0.9948, Val New Acc: 0.6052
[00:54:18] --- Epoch 14 took 572.09 seconds ---
[01:03:44] Epoch 15/30, Train Loss: 2.1974, Val Loss: 2.2167, Val Orig Acc: 0.5572, Val Pos Acc: 0.9945, Val New Acc: 0.6067
[01:03:44] --- Epoch 15 took 566.80 seconds ---
[01:13:28] Epoch 16/30, Train Loss: 2.1946, Val Loss: 2.2369, Val Orig Acc: 0.5535, Val Pos Acc: 0.9951, Val New Acc: 0.6036
[01:13:28] --- Epoch 16: Validation Position Accuracy improved to 0.9951. Saving model to ../model/20250719_learn2/20250722_221932/best_model.pth ---
[01:13:28] --- Epoch 16 took 583.62 seconds ---
[01:22:42] Epoch 17/30, Train Loss: 2.1921, Val Loss: 2.1954, Val Orig Acc: 0.5597, Val Pos Acc: 0.9949, Val New Acc: 0.6069
[01:22:42] --- Epoch 17 took 554.55 seconds ---
[01:31:53] Epoch 18/30, Train Loss: 2.1900, Val Loss: 2.2146, Val Orig Acc: 0.5472, Val Pos Acc: 0.9953, Val New Acc: 0.6069
[01:31:53] --- Epoch 18: Validation Position Accuracy improved to 0.9953. Saving model to ../model/20250719_learn2/20250722_221932/best_model.pth ---
[01:31:53] --- Epoch 18 took 550.38 seconds ---
[01:41:55] Epoch 19/30, Train Loss: 2.1860, Val Loss: 2.2006, Val Orig Acc: 0.5630, Val Pos Acc: 0.9951, Val New Acc: 0.6035
[01:41:55] --- Epoch 19 took 602.62 seconds ---
[01:51:35] Epoch 20/30, Train Loss: 2.1837, Val Loss: 2.2006, Val Orig Acc: 0.5544, Val Pos Acc: 0.9950, Val New Acc: 0.6030
[01:51:35] --- Epoch 20 took 579.92 seconds ---
[02:01:23] Epoch 21/30, Train Loss: 2.1808, Val Loss: 2.1932, Val Orig Acc: 0.5632, Val Pos Acc: 0.9952, Val New Acc: 0.6090
[02:01:23] --- Epoch 21 took 587.38 seconds ---
[02:10:34] Epoch 22/30, Train Loss: 2.1784, Val Loss: 2.2008, Val Orig Acc: 0.5610, Val Pos Acc: 0.9954, Val New Acc: 0.6055
[02:10:35] --- Epoch 22: Validation Position Accuracy improved to 0.9954. Saving model to ../model/20250719_learn2/20250722_221932/best_model.pth ---
[02:10:35] --- Epoch 22 took 552.60 seconds ---
[02:20:14] Epoch 23/30, Train Loss: 2.1765, Val Loss: 2.1934, Val Orig Acc: 0.5637, Val Pos Acc: 0.9949, Val New Acc: 0.6068
[02:20:14] --- Epoch 23 took 578.97 seconds ---
[02:29:37] Epoch 24/30, Train Loss: 2.1742, Val Loss: 2.1981, Val Orig Acc: 0.5555, Val Pos Acc: 0.9954, Val New Acc: 0.6110
[02:29:37] --- Epoch 24 took 562.31 seconds ---
[02:39:05] Epoch 25/30, Train Loss: 2.1725, Val Loss: 2.1867, Val Orig Acc: 0.5668, Val Pos Acc: 0.9949, Val New Acc: 0.6089
[02:39:05] --- Epoch 25 took 568.06 seconds ---
[02:49:04] Epoch 26/30, Train Loss: 2.1703, Val Loss: 2.1910, Val Orig Acc: 0.5618, Val Pos Acc: 0.9951, Val New Acc: 0.6071
[02:49:04] --- Epoch 26 took 599.76 seconds ---
[03:01:05] Epoch 27/30, Train Loss: 2.1688, Val Loss: 2.1793, Val Orig Acc: 0.5641, Val Pos Acc: 0.9951, Val New Acc: 0.6075
[03:01:05] --- Epoch 27 took 720.39 seconds ---
[03:14:10] Epoch 28/30, Train Loss: 2.1668, Val Loss: 2.2003, Val Orig Acc: 0.5593, Val Pos Acc: 0.9951, Val New Acc: 0.6110
[03:14:10] --- Epoch 28 took 784.79 seconds ---
[03:24:51] Epoch 29/30, Train Loss: 2.1654, Val Loss: 2.1730, Val Orig Acc: 0.5673, Val Pos Acc: 0.9952, Val New Acc: 0.6116
[03:24:51] --- Epoch 29 took 641.15 seconds ---
[03:34:57] Epoch 30/30, Train Loss: 2.1645, Val Loss: 2.1913, Val Orig Acc: 0.5682, Val Pos Acc: 0.9955, Val New Acc: 0.6068
[03:34:57] --- Epoch 30: Validation Position Accuracy improved to 0.9955. Saving model to ../model/20250719_learn2/20250722_221932/best_model.pth ---
[03:34:57] --- Epoch 30 took 606.21 seconds ---

--- PyTorchモデル学習開始 ---
[03:44:59] Epoch 1/30, Train Loss: 2.1622, Val Loss: 2.1689, Val Orig Acc: 0.5720, Val Pos Acc: 0.9952, Val New Acc: 0.6115
[03:44:59] --- Epoch 1: Validation Position Accuracy improved to 0.9952. Saving model to ../model/20250719_learn2/20250722_221932/best_model.pth ---
[03:44:59] --- Epoch 1 took 601.82 seconds ---
[03:54:55] Epoch 2/30, Train Loss: 2.1609, Val Loss: 2.1816, Val Orig Acc: 0.5674, Val Pos Acc: 0.9953, Val New Acc: 0.6101
[03:54:55] --- Epoch 2: Validation Position Accuracy improved to 0.9953. Saving model to ../model/20250719_learn2/20250722_221932/best_model.pth ---
[03:54:55] --- Epoch 2 took 596.57 seconds ---
[04:04:14] Epoch 3/30, Train Loss: 2.1601, Val Loss: 2.1810, Val Orig Acc: 0.5686, Val Pos Acc: 0.9953, Val New Acc: 0.6062
[04:04:14] --- Epoch 3: Validation Position Accuracy improved to 0.9953. Saving model to ../model/20250719_learn2/20250722_221932/best_model.pth ---
[04:04:14] --- Epoch 3 took 558.91 seconds ---
[04:14:05] Epoch 4/30, Train Loss: 2.1587, Val Loss: 2.2030, Val Orig Acc: 0.5646, Val Pos Acc: 0.9951, Val New Acc: 0.6107
[04:14:05] --- Epoch 4 took 590.82 seconds ---
[04:23:44] Epoch 5/30, Train Loss: 2.1574, Val Loss: 2.2105, Val Orig Acc: 0.5579, Val Pos Acc: 0.9949, Val New Acc: 0.6018
[04:23:44] --- Epoch 5 took 578.45 seconds ---
[04:33:06] Epoch 6/30, Train Loss: 2.1558, Val Loss: 2.1707, Val Orig Acc: 0.5719, Val Pos Acc: 0.9954, Val New Acc: 0.6080
[04:33:06] --- Epoch 6: Validation Position Accuracy improved to 0.9954. Saving model to ../model/20250719_learn2/20250722_221932/best_model.pth ---
[04:33:06] --- Epoch 6 took 562.12 seconds ---
[04:42:37] Epoch 7/30, Train Loss: 2.1546, Val Loss: 2.1867, Val Orig Acc: 0.5637, Val Pos Acc: 0.9956, Val New Acc: 0.6075
[04:42:38] --- Epoch 7: Validation Position Accuracy improved to 0.9956. Saving model to ../model/20250719_learn2/20250722_221932/best_model.pth ---
[04:42:38] --- Epoch 7 took 571.85 seconds ---
[04:52:50] Epoch 8/30, Train Loss: 2.1536, Val Loss: 2.1665, Val Orig Acc: 0.5710, Val Pos Acc: 0.9956, Val New Acc: 0.6107
[04:52:50] --- Epoch 8 took 612.58 seconds ---
[05:02:29] Epoch 9/30, Train Loss: 2.1529, Val Loss: 2.1694, Val Orig Acc: 0.5729, Val Pos Acc: 0.9954, Val New Acc: 0.6091
[05:02:29] --- Epoch 9 took 578.97 seconds ---
[05:12:45] Epoch 10/30, Train Loss: 2.1521, Val Loss: 2.1798, Val Orig Acc: 0.5725, Val Pos Acc: 0.9952, Val New Acc: 0.6097
[05:12:45] --- Epoch 10 took 616.21 seconds ---
[05:22:19] Epoch 11/30, Train Loss: 2.1509, Val Loss: 2.1577, Val Orig Acc: 0.5705, Val Pos Acc: 0.9956, Val New Acc: 0.6129
[05:22:19] --- Epoch 11 took 573.63 seconds ---
[05:31:51] Epoch 12/30, Train Loss: 2.1501, Val Loss: 2.1699, Val Orig Acc: 0.5757, Val Pos Acc: 0.9954, Val New Acc: 0.6087
[05:31:51] --- Epoch 12 took 571.78 seconds ---
[05:41:21] Epoch 13/30, Train Loss: 2.1499, Val Loss: 2.1744, Val Orig Acc: 0.5682, Val Pos Acc: 0.9954, Val New Acc: 0.6089
[05:41:21] --- Epoch 13 took 570.50 seconds ---
[05:52:13] Epoch 14/30, Train Loss: 2.1482, Val Loss: 2.1688, Val Orig Acc: 0.5706, Val Pos Acc: 0.9957, Val New Acc: 0.6079
[05:52:13] --- Epoch 14: Validation Position Accuracy improved to 0.9957. Saving model to ../model/20250719_learn2/20250722_221932/best_model.pth ---
[05:52:13] --- Epoch 14 took 651.62 seconds ---
[06:02:20] Epoch 15/30, Train Loss: 2.1485, Val Loss: 2.1682, Val Orig Acc: 0.5710, Val Pos Acc: 0.9956, Val New Acc: 0.6128
[06:02:20] --- Epoch 15 took 606.81 seconds ---
[06:12:20] Epoch 16/30, Train Loss: 2.1472, Val Loss: 2.1546, Val Orig Acc: 0.5788, Val Pos Acc: 0.9955, Val New Acc: 0.6110
[06:12:20] --- Epoch 16 took 600.76 seconds ---
[06:23:47] Epoch 17/30, Train Loss: 2.1461, Val Loss: 2.1707, Val Orig Acc: 0.5685, Val Pos Acc: 0.9955, Val New Acc: 0.6100
[06:23:47] --- Epoch 17 took 686.43 seconds ---
[06:36:41] Epoch 18/30, Train Loss: 2.1457, Val Loss: 2.1618, Val Orig Acc: 0.5725, Val Pos Acc: 0.9952, Val New Acc: 0.6114
[06:36:41] --- Epoch 18 took 774.62 seconds ---
[06:47:25] Epoch 19/30, Train Loss: 2.1448, Val Loss: 2.1578, Val Orig Acc: 0.5753, Val Pos Acc: 0.9956, Val New Acc: 0.6152
[06:47:25] --- Epoch 19 took 643.22 seconds ---
[06:57:36] Epoch 20/30, Train Loss: 2.1448, Val Loss: 2.1677, Val Orig Acc: 0.5734, Val Pos Acc: 0.9951, Val New Acc: 0.6090
[06:57:36] --- Epoch 20 took 611.66 seconds ---
[07:07:44] Epoch 21/30, Train Loss: 2.1438, Val Loss: 2.1580, Val Orig Acc: 0.5762, Val Pos Acc: 0.9954, Val New Acc: 0.6119
[07:07:44] --- Epoch 21 took 607.17 seconds ---
[07:17:30] Epoch 22/30, Train Loss: 2.1431, Val Loss: 2.1689, Val Orig Acc: 0.5741, Val Pos Acc: 0.9956, Val New Acc: 0.6067
[07:17:30] --- Epoch 22 took 586.43 seconds ---
[07:27:39] Epoch 23/30, Train Loss: 2.1431, Val Loss: 2.1642, Val Orig Acc: 0.5738, Val Pos Acc: 0.9956, Val New Acc: 0.6098
[07:27:39] --- Epoch 23 took 608.97 seconds ---
[07:38:34] Epoch 24/30, Train Loss: 2.1419, Val Loss: 2.1751, Val Orig Acc: 0.5697, Val Pos Acc: 0.9957, Val New Acc: 0.6093
[07:38:34] --- Epoch 24: Validation Position Accuracy improved to 0.9957. Saving model to ../model/20250719_learn2/20250722_221932/best_model.pth ---
[07:38:34] --- Epoch 24 took 655.43 seconds ---
[07:48:37] Epoch 25/30, Train Loss: 2.1414, Val Loss: 2.1547, Val Orig Acc: 0.5790, Val Pos Acc: 0.9955, Val New Acc: 0.6134
[07:48:37] --- Epoch 25 took 602.78 seconds ---
[07:58:36] Epoch 26/30, Train Loss: 2.1413, Val Loss: 2.1792, Val Orig Acc: 0.5691, Val Pos Acc: 0.9956, Val New Acc: 0.6048
[07:58:36] --- Epoch 26 took 598.99 seconds ---
[08:08:26] Epoch 27/30, Train Loss: 2.1405, Val Loss: 2.1780, Val Orig Acc: 0.5662, Val Pos Acc: 0.9953, Val New Acc: 0.6075
[08:08:26] --- Epoch 27 took 589.48 seconds ---
[08:17:50] Epoch 28/30, Train Loss: 2.1402, Val Loss: 2.1958, Val Orig Acc: 0.5676, Val Pos Acc: 0.9954, Val New Acc: 0.6076
[08:17:50] --- Epoch 28 took 564.51 seconds ---
[08:27:16] Epoch 29/30, Train Loss: 2.1395, Val Loss: 2.1578, Val Orig Acc: 0.5794, Val Pos Acc: 0.9956, Val New Acc: 0.6093
[08:27:16] --- Epoch 29 took 565.39 seconds ---
[08:36:38] Epoch 30/30, Train Loss: 2.1389, Val Loss: 2.1732, Val Orig Acc: 0.5696, Val Pos Acc: 0.9955, Val New Acc: 0.6117
[08:36:38] --- Epoch 30 took 562.15 seconds ---

--- テストデータでの評価 ---
--- Loaded best model from ../model/20250719_learn2/20250722_221932/best_model.pth for evaluation ---
[08:46:33] Test Strain 40: Avg Hits in Top-N: 0.00, Strict Match Acc: 0.0000, Recall: 0.0000, Precision: 0.0000, F1-score: 0.0000
[08:53:23] Test Strain 41: Avg Hits in Top-N: 0.00, Strict Match Acc: 0.0000, Recall: 0.0000, Precision: 0.0000, F1-score: 0.0000
[08:57:40] Test Strain 42: Avg Hits in Top-N: 0.00, Strict Match Acc: 0.0000, Recall: 0.0000, Precision: 0.0000, F1-score: 0.0000
[09:00:02] Test Strain 43: Avg Hits in Top-N: 0.00, Strict Match Acc: 0.0000, Recall: 0.0000, Precision: 0.0000, F1-score: 0.0000
[09:01:34] Test Strain 44: Avg Hits in Top-N: 0.00, Strict Match Acc: 0.0000, Recall: 0.0000, Precision: 0.0000, F1-score: 0.0000
[09:02:26] Test Strain 45: Avg Hits in Top-N: 0.00, Strict Match Acc: 0.0000, Recall: 0.0000, Precision: 0.0000, F1-score: 0.0000
[09:05:30] Test Strain 46: Avg Hits in Top-N: 0.00, Strict Match Acc: 0.0000, Recall: 0.0000, Precision: 0.0000, F1-score: 0.0000
[09:07:26] Test Strain 47: Avg Hits in Top-N: 0.00, Strict Match Acc: 0.0000, Recall: 0.0000, Precision: 0.0000, F1-score: 0.0000
[09:08:41] Test Strain 48: Avg Hits in Top-N: 0.00, Strict Match Acc: 0.0000, Recall: 0.0000, Precision: 0.0000, F1-score: 0.0000
[09:09:22] Test Strain 49: Avg Hits in Top-N: 0.00, Strict Match Acc: 0.0000, Recall: 0.0000, Precision: 0.0000, F1-score: 0.0000
[09:09:36] Test Strain 50: Avg Hits in Top-N: 0.00, Strict Match Acc: 0.0000, Recall: 0.0000, Precision: 0.0000, F1-score: 0.0000
[09:10:05] Test Strain 51: Avg Hits in Top-N: 0.00, Strict Match Acc: 0.0000, Recall: 0.0000, Precision: 0.0000, F1-score: 0.0000
[09:10:17] Test Strain 52: Avg Hits in Top-N: 0.00, Strict Match Acc: 0.0000, Recall: 0.0000, Precision: 0.0000, F1-score: 0.0000
[09:10:23] Test Strain 53: Avg Hits in Top-N: 0.00, Strict Match Acc: 0.0000, Recall: 0.0000, Precision: 0.0000, F1-score: 0.0000
[09:10:27] Test Strain 54: Avg Hits in Top-N: 0.00, Strict Match Acc: 0.0000, Recall: 0.0000, Precision: 0.0000, F1-score: 0.0000
[09:10:35] Test Strain 55: Avg Hits in Top-N: 0.00, Strict Match Acc: 0.0000, Recall: 0.0000, Precision: 0.0000, F1-score: 0.0000
[09:10:39] Test Strain 56: Avg Hits in Top-N: 0.00, Strict Match Acc: 0.0000, Recall: 0.0000, Precision: 0.0000, F1-score: 0.0000
[09:10:40] Test Strain 57: Avg Hits in Top-N: 0.00, Strict Match Acc: 0.0000, Recall: 0.0000, Precision: 0.0000, F1-score: 0.0000
[09:10:43] Test Strain 58: Avg Hits in Top-N: 0.00, Strict Match Acc: 0.0000, Recall: 0.0000, Precision: 0.0000, F1-score: 0.0000
[09:10:46] Test Strain 59: Avg Hits in Top-N: 0.00, Strict Match Acc: 0.0000, Recall: 0.0000, Precision: 0.0000, F1-score: 0.0000
[09:10:49] Test Strain 60: Avg Hits in Top-N: 0.00, Strict Match Acc: 0.0000, Recall: 0.0000, Precision: 0.0000, F1-score: 0.0000
[09:10:51] Test Strain 61: Avg Hits in Top-N: 0.00, Strict Match Acc: 0.0000, Recall: 0.0000, Precision: 0.0000, F1-score: 0.0000
[09:10:54] Test Strain 62: Avg Hits in Top-N: 0.00, Strict Match Acc: 0.0000, Recall: 0.0000, Precision: 0.0000, F1-score: 0.0000
[09:10:56] Test Strain 63: Avg Hits in Top-N: 0.00, Strict Match Acc: 0.0000, Recall: 0.0000, Precision: 0.0000, F1-score: 0.0000
{40: {'recall': 0.0, 'precision': 0.0, 'f1_score': 0.0, 'average_hit_count_in_top_n': 0.0, 'strict_match_accuracy': 0.0}, 41: {'recall': 0.0, 'precision': 0.0, 'f1_score': 0.0, 'average_hit_count_in_top_n': 0.0, 'strict_match_accuracy': 0.0}, 42: {'recall': 0.0, 'precision': 0.0, 'f1_score': 0.0, 'average_hit_count_in_top_n': 0.0, 'strict_match_accuracy': 0.0}, 43: {'recall': 0.0, 'precision': 0.0, 'f1_score': 0.0, 'average_hit_count_in_top_n': 0.0, 'strict_match_accuracy': 0.0}, 44: {'recall': 0.0, 'precision': 0.0, 'f1_score': 0.0, 'average_hit_count_in_top_n': 0.0, 'strict_match_accuracy': 0.0}, 45: {'recall': 0.0, 'precision': 0.0, 'f1_score': 0.0, 'average_hit_count_in_top_n': 0.0, 'strict_match_accuracy': 0.0}, 46: {'recall': 0.0, 'precision': 0.0, 'f1_score': 0.0, 'average_hit_count_in_top_n': 0.0, 'strict_match_accuracy': 0.0}, 47: {'recall': 0.0, 'precision': 0.0, 'f1_score': 0.0, 'average_hit_count_in_top_n': 0.0, 'strict_match_accuracy': 0.0}, 48: {'recall': 0.0, 'precision': 0.0, 'f1_score': 0.0, 'average_hit_count_in_top_n': 0.0, 'strict_match_accuracy': 0.0}, 49: {'recall': 0.0, 'precision': 0.0, 'f1_score': 0.0, 'average_hit_count_in_top_n': 0.0, 'strict_match_accuracy': 0.0}, 50: {'recall': 0.0, 'precision': 0.0, 'f1_score': 0.0, 'average_hit_count_in_top_n': 0.0, 'strict_match_accuracy': 0.0}, 51: {'recall': 0.0, 'precision': 0.0, 'f1_score': 0.0, 'average_hit_count_in_top_n': 0.0, 'strict_match_accuracy': 0.0}, 52: {'recall': 0.0, 'precision': 0.0, 'f1_score': 0.0, 'average_hit_count_in_top_n': 0.0, 'strict_match_accuracy': 0.0}, 53: {'recall': 0.0, 'precision': 0.0, 'f1_score': 0.0, 'average_hit_count_in_top_n': 0.0, 'strict_match_accuracy': 0.0}, 54: {'recall': 0.0, 'precision': 0.0, 'f1_score': 0.0, 'average_hit_count_in_top_n': 0.0, 'strict_match_accuracy': 0.0}, 55: {'recall': 0.0, 'precision': 0.0, 'f1_score': 0.0, 'average_hit_count_in_top_n': 0.0, 'strict_match_accuracy': 0.0}, 56: {'recall': 0.0, 'precision': 0.0, 'f1_score': 0.0, 'average_hit_count_in_top_n': 0.0, 'strict_match_accuracy': 0.0}, 57: {'recall': 0.0, 'precision': 0.0, 'f1_score': 0.0, 'average_hit_count_in_top_n': 0.0, 'strict_match_accuracy': 0.0}, 58: {'recall': 0.0, 'precision': 0.0, 'f1_score': 0.0, 'average_hit_count_in_top_n': 0.0, 'strict_match_accuracy': 0.0}, 59: {'recall': 0.0, 'precision': 0.0, 'f1_score': 0.0, 'average_hit_count_in_top_n': 0.0, 'strict_match_accuracy': 0.0}, 60: {'recall': 0.0, 'precision': 0.0, 'f1_score': 0.0, 'average_hit_count_in_top_n': 0.0, 'strict_match_accuracy': 0.0}, 61: {'recall': 0.0, 'precision': 0.0, 'f1_score': 0.0, 'average_hit_count_in_top_n': 0.0, 'strict_match_accuracy': 0.0}, 62: {'recall': 0.0, 'precision': 0.0, 'f1_score': 0.0, 'average_hit_count_in_top_n': 0.0, 'strict_match_accuracy': 0.0}, 63: {'recall': 0.0, 'precision': 0.0, 'f1_score': 0.0, 'average_hit_count_in_top_n': 0.0, 'strict_match_accuracy': 0.0}}
